23:16:03.312 [main] DEBUG com.intuit.karate.Suite - [config] classpath:karate-config.js
23:16:03.323 [main] DEBUG com.intuit.karate.Suite - waiting for 7 features to complete
23:16:04.610 [pool-1-thread-5] INFO  com.intuit.karate - karate.env system property was: null 
23:16:04.640 [pool-1-thread-2] INFO  com.intuit.karate - karate.env system property was: null 
23:16:04.642 [pool-1-thread-4] INFO  com.intuit.karate - karate.env system property was: null 
23:16:04.645 [pool-1-thread-1] INFO  com.intuit.karate - karate.env system property was: null 
23:16:04.648 [pool-1-thread-3] INFO  com.intuit.karate - karate.env system property was: null 
23:16:04.655 [pool-1-thread-1] INFO  com.intuit.karate - [print] --Delete User ID-- 
23:16:04.656 [pool-1-thread-2] INFO  com.intuit.karate - [print] --User Login-- 
23:16:04.655 [pool-1-thread-3] INFO  com.intuit.karate - [print] --User log Out-- 
23:16:04.655 [pool-1-thread-5] INFO  com.intuit.karate - [print] --Get User Data-- 
23:16:04.656 [pool-1-thread-4] INFO  com.intuit.karate - [print] --Get User Data-- 
23:16:05.001 [pool-1-thread-5] DEBUG com.intuit.karate - request:
1 > GET https://petstore.swagger.io/v2/user/user1
1 > Accept: application/json
1 > Host: petstore.swagger.io
1 > Connection: Keep-Alive
1 > User-Agent: Apache-HttpClient/4.5.14 (Java/11.0.20)
1 > Accept-Encoding: gzip,deflate


23:16:05.001 [pool-1-thread-4] DEBUG com.intuit.karate - request:
1 > GET https://petstore.swagger.io/v2/user/blackout123
1 > Accept: application/json
1 > Host: petstore.swagger.io
1 > Connection: Keep-Alive
1 > User-Agent: Apache-HttpClient/4.5.14 (Java/11.0.20)
1 > Accept-Encoding: gzip,deflate


23:16:05.001 [pool-1-thread-3] DEBUG com.intuit.karate - request:
1 > GET https://petstore.swagger.io/v2/user/logout
1 > Host: petstore.swagger.io
1 > Connection: Keep-Alive
1 > User-Agent: Apache-HttpClient/4.5.14 (Java/11.0.20)
1 > Accept-Encoding: gzip,deflate


23:16:05.001 [pool-1-thread-2] DEBUG com.intuit.karate - request:
1 > GET https://petstore.swagger.io/v2/user/login?password=pass123&username=blackout123
1 > Accept: application/json
1 > Host: petstore.swagger.io
1 > Connection: Keep-Alive
1 > User-Agent: Apache-HttpClient/4.5.14 (Java/11.0.20)
1 > Accept-Encoding: gzip,deflate


23:16:05.001 [pool-1-thread-1] DEBUG com.intuit.karate - request:
1 > DELETE https://petstore.swagger.io/v2/user/shockwave2
1 > Accept: application/json
1 > Host: petstore.swagger.io
1 > Connection: Keep-Alive
1 > User-Agent: Apache-HttpClient/4.5.14 (Java/11.0.20)
1 > Accept-Encoding: gzip,deflate


23:16:06.348 [pool-1-thread-1] DEBUG com.intuit.karate - response time in milliseconds: 1342
1 < 404
1 < Date: Sat, 23 Dec 2023 16:16:05 GMT
1 < Content-Length: 0
1 < Connection: keep-alive
1 < Access-Control-Allow-Origin: *
1 < Access-Control-Allow-Methods: GET, POST, DELETE, PUT
1 < Access-Control-Allow-Headers: Content-Type, api_key, Authorization
1 < Server: Jetty(9.2.9.v20150224)


23:16:06.349 [pool-1-thread-5] DEBUG com.intuit.karate - response time in milliseconds: 1343
1 < 404
1 < Date: Sat, 23 Dec 2023 16:16:05 GMT
1 < Content-Type: application/json
1 < Transfer-Encoding: chunked
1 < Connection: keep-alive
1 < Access-Control-Allow-Origin: *
1 < Access-Control-Allow-Methods: GET, POST, DELETE, PUT
1 < Access-Control-Allow-Headers: Content-Type, api_key, Authorization
1 < Server: Jetty(9.2.9.v20150224)
{"code":1,"type":"error","message":"User not found"}

23:16:06.349 [pool-1-thread-4] DEBUG com.intuit.karate - response time in milliseconds: 1348
1 < 404
1 < Date: Sat, 23 Dec 2023 16:16:05 GMT
1 < Content-Type: application/json
1 < Transfer-Encoding: chunked
1 < Connection: keep-alive
1 < Access-Control-Allow-Origin: *
1 < Access-Control-Allow-Methods: GET, POST, DELETE, PUT
1 < Access-Control-Allow-Headers: Content-Type, api_key, Authorization
1 < Server: Jetty(9.2.9.v20150224)
{"code":1,"type":"error","message":"User not found"}

23:16:06.349 [pool-1-thread-2] DEBUG com.intuit.karate - response time in milliseconds: 1342
1 < 200
1 < Date: Sat, 23 Dec 2023 16:16:05 GMT
1 < Content-Type: application/json
1 < Transfer-Encoding: chunked
1 < Connection: keep-alive
1 < Access-Control-Allow-Origin: *
1 < Access-Control-Allow-Methods: GET, POST, DELETE, PUT
1 < Access-Control-Allow-Headers: Content-Type, api_key, Authorization
1 < X-Expires-After: Sat Dec 23 17:16:05 UTC 2023
1 < X-Rate-Limit: 5000
1 < Server: Jetty(9.2.9.v20150224)
{"code":200,"type":"unknown","message":"logged in user session:1703348165878"}

23:16:06.349 [pool-1-thread-3] DEBUG com.intuit.karate - response time in milliseconds: 1347
1 < 200
1 < Date: Sat, 23 Dec 2023 16:16:05 GMT
1 < Content-Type: application/json
1 < Transfer-Encoding: chunked
1 < Connection: keep-alive
1 < Access-Control-Allow-Origin: *
1 < Access-Control-Allow-Methods: GET, POST, DELETE, PUT
1 < Access-Control-Allow-Headers: Content-Type, api_key, Authorization
1 < Server: Jetty(9.2.9.v20150224)
{"code":200,"type":"unknown","message":"ok"}

23:16:06.396 [pool-1-thread-5] INFO  com.intuit.karate - [print] {
  "code": 1,
  "type": "error",
  "message": "User not found"
}
 
23:16:06.397 [pool-1-thread-3] INFO  com.intuit.karate - [print] {
  "code": 200,
  "type": "unknown",
  "message": "ok"
}
 
23:16:06.396 [pool-1-thread-2] INFO  com.intuit.karate - [print] {
  "code": 200,
  "type": "unknown",
  "message": "logged in user session:1703348165878"
}
 
23:16:06.408 [pool-1-thread-5] INFO  com.intuit.karate - karate.env system property was: null 
23:16:06.409 [pool-1-thread-2] INFO  com.intuit.karate - karate.env system property was: null 
23:16:06.409 [pool-1-thread-5] INFO  com.intuit.karate - [print] --Create User With List-- 
23:16:06.411 [pool-1-thread-3] INFO  com.intuit.karate - karate.env system property was: null 
23:16:06.413 [pool-1-thread-3] INFO  com.intuit.karate - [print] --Create User-- 
23:16:06.414 [pool-1-thread-2] INFO  com.intuit.karate - [print] --Update User Data-- 
23:16:06.414 [pool-1-thread-4] ERROR com.intuit.karate - classpath:com/api/automation/getUserNameRequest.feature:11
Then status 200
status code was: 404, expected: 200, response time in milliseconds: 1348, url: https://petstore.swagger.io/v2/user/blackout123, response: 
{"code":1,"type":"error","message":"User not found"}
classpath:com/api/automation/getUserNameRequest.feature:11
23:16:06.414 [pool-1-thread-1] ERROR com.intuit.karate - classpath:com/api/automation/deleteRequest.feature:11
Then status 200
status code was: 404, expected: 200, response time in milliseconds: 1342, url: https://petstore.swagger.io/v2/user/shockwave2, response: 

classpath:com/api/automation/deleteRequest.feature:11
23:16:06.523 [pool-1-thread-5] DEBUG com.intuit.karate - request:
1 > POST https://petstore.swagger.io/v2/user/createWithList
1 > Accept: application/json
1 > Content-Type: application/json; charset=UTF-8
1 > Content-Length: 347
1 > Host: petstore.swagger.io
1 > Connection: Keep-Alive
1 > User-Agent: Apache-HttpClient/4.5.14 (Java/11.0.20)
1 > Accept-Encoding: gzip,deflate
[{"id":100,"username":"blackout123","firstName":"blackout","lastName":"decepticon","email":"blackout@gmail.com","password":"password123","phone":"080989999","userStatus":1},{"id":101,"username":"shockwave2","firstName":"shockwave","lastName":"decepticon","email":"shockwave@gmail.com","password":"password234","phone":"0080989998","userStatus":1}]

23:16:06.523 [pool-1-thread-2] DEBUG com.intuit.karate - request:
1 > PUT https://petstore.swagger.io/v2/user/blackout123
1 > Accept: application/json
1 > Content-Type: application/json; charset=UTF-8
1 > Content-Length: 172
1 > Host: petstore.swagger.io
1 > Connection: Keep-Alive
1 > User-Agent: Apache-HttpClient/4.5.14 (Java/11.0.20)
1 > Accept-Encoding: gzip,deflate
{"id":100,"username":"blackout123","firstName":"soundwave","lastName":"decepticon","email":"blackout@gmail.com","password":"password123","phone":"080989988","userStatus":1}

23:16:06.523 [pool-1-thread-3] DEBUG com.intuit.karate - request:
1 > POST https://petstore.swagger.io/v2/user
1 > Accept: application/json
1 > Content-Type: application/json; charset=UTF-8
1 > Content-Length: 171
1 > Host: petstore.swagger.io
1 > Connection: Keep-Alive
1 > User-Agent: Apache-HttpClient/4.5.14 (Java/11.0.20)
1 > Accept-Encoding: gzip,deflate
{"id":100,"username":"blackout123","firstName":"blackout","lastName":"decepticon","email":"blackout@gmail.com","password":"password123","phone":"080989999","userStatus":1}

23:16:07.080 [pool-2-thread-1] INFO  com.intuit.karate.Suite - <<fail>> feature 1 of 7 (6 remaining) classpath:com/api/automation/deleteRequest.feature
23:16:07.144 [pool-2-thread-1] INFO  com.intuit.karate.Suite - <<pass>> feature 2 of 7 (5 remaining) classpath:com/api/automation/getLoginRequest.feature
23:16:07.184 [pool-2-thread-1] INFO  com.intuit.karate.Suite - <<pass>> feature 3 of 7 (4 remaining) classpath:com/api/automation/getLogoutRequest.feature
23:16:07.233 [pool-1-thread-3] DEBUG com.intuit.karate - response time in milliseconds: 710
1 < 200
1 < Date: Sat, 23 Dec 2023 16:16:06 GMT
1 < Content-Type: application/json
1 < Transfer-Encoding: chunked
1 < Connection: keep-alive
1 < Access-Control-Allow-Origin: *
1 < Access-Control-Allow-Methods: GET, POST, DELETE, PUT
1 < Access-Control-Allow-Headers: Content-Type, api_key, Authorization
1 < Server: Jetty(9.2.9.v20150224)
{"code":200,"type":"unknown","message":"100"}

23:16:07.235 [pool-1-thread-3] INFO  com.intuit.karate - [print] {
  "code": 200,
  "type": "unknown",
  "message": "100"
}
 
23:16:07.249 [pool-1-thread-5] DEBUG com.intuit.karate - response time in milliseconds: 726
1 < 200
1 < Date: Sat, 23 Dec 2023 16:16:06 GMT
1 < Content-Type: application/json
1 < Transfer-Encoding: chunked
1 < Connection: keep-alive
1 < Access-Control-Allow-Origin: *
1 < Access-Control-Allow-Methods: GET, POST, DELETE, PUT
1 < Access-Control-Allow-Headers: Content-Type, api_key, Authorization
1 < Server: Jetty(9.2.9.v20150224)
{"code":200,"type":"unknown","message":"ok"}

23:16:07.250 [pool-1-thread-5] INFO  com.intuit.karate - [print] {
  "code": 200,
  "type": "unknown",
  "message": "ok"
}
 
23:16:07.252 [pool-1-thread-2] DEBUG com.intuit.karate - response time in milliseconds: 728
1 < 200
1 < Date: Sat, 23 Dec 2023 16:16:06 GMT
1 < Content-Type: application/json
1 < Transfer-Encoding: chunked
1 < Connection: keep-alive
1 < Access-Control-Allow-Origin: *
1 < Access-Control-Allow-Methods: GET, POST, DELETE, PUT
1 < Access-Control-Allow-Headers: Content-Type, api_key, Authorization
1 < Server: Jetty(9.2.9.v20150224)
{"code":200,"type":"unknown","message":"100"}

23:16:07.253 [pool-1-thread-2] INFO  com.intuit.karate - [print] {
  "code": 200,
  "type": "unknown",
  "message": "100"
}
 
23:16:07.257 [pool-2-thread-1] INFO  com.intuit.karate.Suite - <<fail>> feature 4 of 7 (3 remaining) classpath:com/api/automation/getUserNameRequest.feature
23:16:07.308 [pool-2-thread-1] INFO  com.intuit.karate.Suite - <<pass>> feature 5 of 7 (2 remaining) classpath:com/api/automation/postCreateUser.feature
23:16:07.371 [pool-2-thread-1] INFO  com.intuit.karate.Suite - <<pass>> feature 6 of 7 (1 remaining) classpath:com/api/automation/postCreateUserWithList.feature
23:16:07.413 [pool-2-thread-1] INFO  com.intuit.karate.Suite - <<pass>> feature 7 of 7 (0 remaining) classpath:com/api/automation/putUpdateUser.feature
23:16:45.797 [main] DEBUG com.intuit.karate.Suite - [config] classpath:karate-config.js
23:16:45.804 [main] INFO  com.intuit.karate.Suite - backed up existing 'target\karate-reports' dir to: target\karate-reports_1703348205800
23:16:45.812 [main] DEBUG com.intuit.karate.Suite - waiting for 7 features to complete
23:16:46.959 [pool-1-thread-1] INFO  com.intuit.karate - karate.env system property was: null 
23:16:46.986 [pool-1-thread-3] INFO  com.intuit.karate - karate.env system property was: null 
23:16:46.989 [pool-1-thread-5] INFO  com.intuit.karate - karate.env system property was: null 
23:16:46.993 [pool-1-thread-4] INFO  com.intuit.karate - karate.env system property was: null 
23:16:46.996 [pool-1-thread-2] INFO  com.intuit.karate - karate.env system property was: null 
23:16:47.001 [pool-1-thread-3] INFO  com.intuit.karate - [print] --User log Out-- 
23:16:47.002 [pool-1-thread-5] INFO  com.intuit.karate - [print] --Get User Data-- 
23:16:47.003 [pool-1-thread-4] INFO  com.intuit.karate - [print] --Get User Data-- 
23:16:47.006 [pool-1-thread-1] INFO  com.intuit.karate - [print] --Delete User ID-- 
23:16:47.006 [pool-1-thread-2] INFO  com.intuit.karate - [print] --User Login-- 
23:16:47.283 [pool-1-thread-3] DEBUG com.intuit.karate - request:
1 > GET https://petstore.swagger.io/v2/user/logout
1 > Host: petstore.swagger.io
1 > Connection: Keep-Alive
1 > User-Agent: Apache-HttpClient/4.5.14 (Java/11.0.20)
1 > Accept-Encoding: gzip,deflate


23:16:47.283 [pool-1-thread-1] DEBUG com.intuit.karate - request:
1 > DELETE https://petstore.swagger.io/v2/user/shockwave2
1 > Accept: application/json
1 > Host: petstore.swagger.io
1 > Connection: Keep-Alive
1 > User-Agent: Apache-HttpClient/4.5.14 (Java/11.0.20)
1 > Accept-Encoding: gzip,deflate


23:16:47.283 [pool-1-thread-4] DEBUG com.intuit.karate - request:
1 > GET https://petstore.swagger.io/v2/user/blackout123
1 > Accept: application/json
1 > Host: petstore.swagger.io
1 > Connection: Keep-Alive
1 > User-Agent: Apache-HttpClient/4.5.14 (Java/11.0.20)
1 > Accept-Encoding: gzip,deflate


23:16:47.283 [pool-1-thread-5] DEBUG com.intuit.karate - request:
1 > GET https://petstore.swagger.io/v2/user/user1
1 > Accept: application/json
1 > Host: petstore.swagger.io
1 > Connection: Keep-Alive
1 > User-Agent: Apache-HttpClient/4.5.14 (Java/11.0.20)
1 > Accept-Encoding: gzip,deflate


23:16:47.283 [pool-1-thread-2] DEBUG com.intuit.karate - request:
1 > GET https://petstore.swagger.io/v2/user/login?password=pass123&username=blackout123
1 > Accept: application/json
1 > Host: petstore.swagger.io
1 > Connection: Keep-Alive
1 > User-Agent: Apache-HttpClient/4.5.14 (Java/11.0.20)
1 > Accept-Encoding: gzip,deflate


23:16:48.710 [pool-1-thread-2] DEBUG com.intuit.karate - response time in milliseconds: 1424
1 < 200
1 < Date: Sat, 23 Dec 2023 16:16:48 GMT
1 < Content-Type: application/json
1 < Transfer-Encoding: chunked
1 < Connection: keep-alive
1 < Access-Control-Allow-Origin: *
1 < Access-Control-Allow-Methods: GET, POST, DELETE, PUT
1 < Access-Control-Allow-Headers: Content-Type, api_key, Authorization
1 < X-Expires-After: Sat Dec 23 17:16:48 UTC 2023
1 < X-Rate-Limit: 5000
1 < Server: Jetty(9.2.9.v20150224)
{"code":200,"type":"unknown","message":"logged in user session:1703348208249"}

23:16:48.710 [pool-1-thread-3] DEBUG com.intuit.karate - response time in milliseconds: 1424
1 < 200
1 < Date: Sat, 23 Dec 2023 16:16:48 GMT
1 < Content-Type: application/json
1 < Transfer-Encoding: chunked
1 < Connection: keep-alive
1 < Access-Control-Allow-Origin: *
1 < Access-Control-Allow-Methods: GET, POST, DELETE, PUT
1 < Access-Control-Allow-Headers: Content-Type, api_key, Authorization
1 < Server: Jetty(9.2.9.v20150224)
{"code":200,"type":"unknown","message":"ok"}

23:16:48.710 [pool-1-thread-4] DEBUG com.intuit.karate - response time in milliseconds: 1424
1 < 200
1 < Date: Sat, 23 Dec 2023 16:16:48 GMT
1 < Content-Type: application/json
1 < Transfer-Encoding: chunked
1 < Connection: keep-alive
1 < Access-Control-Allow-Origin: *
1 < Access-Control-Allow-Methods: GET, POST, DELETE, PUT
1 < Access-Control-Allow-Headers: Content-Type, api_key, Authorization
1 < Server: Jetty(9.2.9.v20150224)
{"id":100,"username":"blackout123","firstName":"soundwave","lastName":"decepticon","email":"blackout@gmail.com","password":"password123","phone":"080989988","userStatus":1}

23:16:48.710 [pool-1-thread-1] DEBUG com.intuit.karate - response time in milliseconds: 1424
1 < 200
1 < Date: Sat, 23 Dec 2023 16:16:48 GMT
1 < Content-Type: application/json
1 < Transfer-Encoding: chunked
1 < Connection: keep-alive
1 < Access-Control-Allow-Origin: *
1 < Access-Control-Allow-Methods: GET, POST, DELETE, PUT
1 < Access-Control-Allow-Headers: Content-Type, api_key, Authorization
1 < Server: Jetty(9.2.9.v20150224)
{"code":200,"type":"unknown","message":"shockwave2"}

23:16:48.710 [pool-1-thread-5] DEBUG com.intuit.karate - response time in milliseconds: 1424
1 < 404
1 < Date: Sat, 23 Dec 2023 16:16:48 GMT
1 < Content-Type: application/json
1 < Transfer-Encoding: chunked
1 < Connection: keep-alive
1 < Access-Control-Allow-Origin: *
1 < Access-Control-Allow-Methods: GET, POST, DELETE, PUT
1 < Access-Control-Allow-Headers: Content-Type, api_key, Authorization
1 < Server: Jetty(9.2.9.v20150224)
{"code":1,"type":"error","message":"User not found"}

23:16:48.749 [pool-1-thread-3] INFO  com.intuit.karate - [print] {
  "code": 200,
  "type": "unknown",
  "message": "ok"
}
 
23:16:48.749 [pool-1-thread-5] INFO  com.intuit.karate - [print] {
  "code": 1,
  "type": "error",
  "message": "User not found"
}
 
23:16:48.749 [pool-1-thread-2] INFO  com.intuit.karate - [print] {
  "code": 200,
  "type": "unknown",
  "message": "logged in user session:1703348208249"
}
 
23:16:48.749 [pool-1-thread-1] INFO  com.intuit.karate - [print] {
  "code": 200,
  "type": "unknown",
  "message": "shockwave2"
}
 
23:16:48.749 [pool-1-thread-4] INFO  com.intuit.karate - [print] {
  "id": 100,
  "username": "blackout123",
  "firstName": "soundwave",
  "lastName": "decepticon",
  "email": "blackout@gmail.com",
  "password": "password123",
  "phone": "080989988",
  "userStatus": 1
}
 
23:16:48.762 [pool-1-thread-2] INFO  com.intuit.karate - karate.env system property was: null 
23:16:48.763 [pool-1-thread-2] INFO  com.intuit.karate - [print] --Create User With List-- 
23:16:48.763 [pool-1-thread-1] INFO  com.intuit.karate - karate.env system property was: null 
23:16:48.766 [pool-1-thread-1] INFO  com.intuit.karate - [print] --Create User-- 
23:16:48.767 [pool-1-thread-3] INFO  com.intuit.karate - karate.env system property was: null 
23:16:48.769 [pool-1-thread-3] INFO  com.intuit.karate - [print] --Update User Data-- 
23:16:48.839 [pool-1-thread-2] DEBUG com.intuit.karate - request:
1 > POST https://petstore.swagger.io/v2/user/createWithList
1 > Accept: application/json
1 > Content-Type: application/json; charset=UTF-8
1 > Content-Length: 347
1 > Host: petstore.swagger.io
1 > Connection: Keep-Alive
1 > User-Agent: Apache-HttpClient/4.5.14 (Java/11.0.20)
1 > Accept-Encoding: gzip,deflate
[{"id":100,"username":"blackout123","firstName":"blackout","lastName":"decepticon","email":"blackout@gmail.com","password":"password123","phone":"080989999","userStatus":1},{"id":101,"username":"shockwave2","firstName":"shockwave","lastName":"decepticon","email":"shockwave@gmail.com","password":"password234","phone":"0080989998","userStatus":1}]

23:16:48.839 [pool-1-thread-1] DEBUG com.intuit.karate - request:
1 > POST https://petstore.swagger.io/v2/user
1 > Accept: application/json
1 > Content-Type: application/json; charset=UTF-8
1 > Content-Length: 171
1 > Host: petstore.swagger.io
1 > Connection: Keep-Alive
1 > User-Agent: Apache-HttpClient/4.5.14 (Java/11.0.20)
1 > Accept-Encoding: gzip,deflate
{"id":100,"username":"blackout123","firstName":"blackout","lastName":"decepticon","email":"blackout@gmail.com","password":"password123","phone":"080989999","userStatus":1}

23:16:48.839 [pool-1-thread-3] DEBUG com.intuit.karate - request:
1 > PUT https://petstore.swagger.io/v2/user/blackout123
1 > Accept: application/json
1 > Content-Type: application/json; charset=UTF-8
1 > Content-Length: 172
1 > Host: petstore.swagger.io
1 > Connection: Keep-Alive
1 > User-Agent: Apache-HttpClient/4.5.14 (Java/11.0.20)
1 > Accept-Encoding: gzip,deflate
{"id":100,"username":"blackout123","firstName":"soundwave","lastName":"decepticon","email":"blackout@gmail.com","password":"password123","phone":"080989988","userStatus":1}

23:16:49.316 [pool-2-thread-1] INFO  com.intuit.karate.Suite - <<pass>> feature 1 of 7 (6 remaining) classpath:com/api/automation/deleteRequest.feature
23:16:49.386 [pool-2-thread-1] INFO  com.intuit.karate.Suite - <<pass>> feature 2 of 7 (5 remaining) classpath:com/api/automation/getLoginRequest.feature
23:16:49.437 [pool-2-thread-1] INFO  com.intuit.karate.Suite - <<pass>> feature 3 of 7 (4 remaining) classpath:com/api/automation/getLogoutRequest.feature
23:16:49.539 [pool-1-thread-1] DEBUG com.intuit.karate - response time in milliseconds: 700
1 < 200
1 < Date: Sat, 23 Dec 2023 16:16:49 GMT
1 < Content-Type: application/json
1 < Transfer-Encoding: chunked
1 < Connection: keep-alive
1 < Access-Control-Allow-Origin: *
1 < Access-Control-Allow-Methods: GET, POST, DELETE, PUT
1 < Access-Control-Allow-Headers: Content-Type, api_key, Authorization
1 < Server: Jetty(9.2.9.v20150224)
{"code":200,"type":"unknown","message":"100"}

23:16:49.543 [pool-1-thread-1] INFO  com.intuit.karate - [print] {
  "code": 200,
  "type": "unknown",
  "message": "100"
}
 
23:16:49.552 [pool-1-thread-3] DEBUG com.intuit.karate - response time in milliseconds: 711
1 < 200
1 < Date: Sat, 23 Dec 2023 16:16:49 GMT
1 < Content-Type: application/json
1 < Transfer-Encoding: chunked
1 < Connection: keep-alive
1 < Access-Control-Allow-Origin: *
1 < Access-Control-Allow-Methods: GET, POST, DELETE, PUT
1 < Access-Control-Allow-Headers: Content-Type, api_key, Authorization
1 < Server: Jetty(9.2.9.v20150224)
{"code":200,"type":"unknown","message":"100"}

23:16:49.553 [pool-1-thread-3] INFO  com.intuit.karate - [print] {
  "code": 200,
  "type": "unknown",
  "message": "100"
}
 
23:16:49.557 [pool-2-thread-1] INFO  com.intuit.karate.Suite - <<pass>> feature 4 of 7 (3 remaining) classpath:com/api/automation/getUserNameRequest.feature
23:16:49.578 [pool-1-thread-2] DEBUG com.intuit.karate - response time in milliseconds: 739
1 < 200
1 < Date: Sat, 23 Dec 2023 16:16:49 GMT
1 < Content-Type: application/json
1 < Transfer-Encoding: chunked
1 < Connection: keep-alive
1 < Access-Control-Allow-Origin: *
1 < Access-Control-Allow-Methods: GET, POST, DELETE, PUT
1 < Access-Control-Allow-Headers: Content-Type, api_key, Authorization
1 < Server: Jetty(9.2.9.v20150224)
{"code":200,"type":"unknown","message":"ok"}

23:16:49.580 [pool-1-thread-2] INFO  com.intuit.karate - [print] {
  "code": 200,
  "type": "unknown",
  "message": "ok"
}
 
23:16:49.617 [pool-2-thread-1] INFO  com.intuit.karate.Suite - <<pass>> feature 5 of 7 (2 remaining) classpath:com/api/automation/postCreateUser.feature
23:16:49.654 [pool-2-thread-1] INFO  com.intuit.karate.Suite - <<pass>> feature 6 of 7 (1 remaining) classpath:com/api/automation/postCreateUserWithList.feature
23:16:49.687 [pool-2-thread-1] INFO  com.intuit.karate.Suite - <<pass>> feature 7 of 7 (0 remaining) classpath:com/api/automation/putUpdateUser.feature
